<?xml version="1.0" encoding="UTF-8"?>
<testng-results ignored="0" total="1" passed="1" failed="0" skipped="0">
  <reporter-output>
  </reporter-output>
  <suite started-at="2022-03-29T09:16:44 CST" name="Default suite" finished-at="2022-03-29T09:20:04 CST" duration-ms="199793">
    <groups>
      <group name="cucumber">
        <method signature="AbstractTestNGCucumberTests.runScenario(io.cucumber.testng.PickleWrapper,io.cucumber.testng.FeatureWrapper)[pri:0, instance:runner.runner@293a5bf6]" name="runScenario" class="io.cucumber.testng.AbstractTestNGCucumberTests"/>
      </group> <!-- cucumber -->
    </groups>
    <test started-at="2022-03-29T09:16:44 CST" name="Default test" finished-at="2022-03-29T09:20:04 CST" duration-ms="199793">
      <class name="runner.runner">
        <test-method is-config="true" signature="setUpClass(org.testng.ITestContext)[pri:0, instance:runner.runner@293a5bf6]" started-at="2022-03-29T09:16:44 CST" name="setUpClass" finished-at="2022-03-29T09:16:44 CST" duration-ms="191" status="PASS">
          <params>
            <param index="0">
              <value>
                <![CDATA[org.testng.TestRunner@3b920bdc]]>
              </value>
            </param>
          </params>
          <reporter-output>
          </reporter-output>
        </test-method> <!-- setUpClass -->
        <test-method signature="runScenario(io.cucumber.testng.PickleWrapper,io.cucumber.testng.FeatureWrapper)[pri:0, instance:runner.runner@293a5bf6]" started-at="2022-03-29T09:16:44 CST" name="runScenario" description="Runs Cucumber Scenarios" data-provider="scenarios" finished-at="2022-03-29T09:20:04 CST" duration-ms="199565" status="PASS">
          <params>
            <param index="0">
              <value>
                <![CDATA["Soriana_Chekcout_002"]]>
              </value>
            </param>
            <param index="1">
              <value>
                <![CDATA["Optional[Como usuario registrado quiero poder realizar compas en el sitio de soriana]"]]>
              </value>
            </param>
          </params>
          <reporter-output>
          </reporter-output>
        </test-method> <!-- runScenario -->
        <test-method is-config="true" signature="tearDownClass()[pri:0, instance:runner.runner@293a5bf6]" started-at="2022-03-29T09:20:04 CST" name="tearDownClass" finished-at="2022-03-29T09:20:04 CST" duration-ms="5" status="PASS">
          <reporter-output>
          </reporter-output>
        </test-method> <!-- tearDownClass -->
      </class> <!-- runner.runner -->
    </test> <!-- Default test -->
  </suite> <!-- Default suite -->
</testng-results>
